[2021-03-12 12:46:04,853] SEVERE {b7a.log.crash} - java.nio.file.FileSystemException: /home/nuwan/code/samples/listener_sample.bal/modules/googleapis_drive/resources/Client_functions.json: Not a directory 
org.ballerinax.datamapper.exceptions.DataMapperException: java.nio.file.FileSystemException: /home/nuwan/code/samples/listener_sample.bal/modules/googleapis_drive/resources/Client_functions.json: Not a directory
	at org.ballerinax.datamapper.DataMapperPlugin.process(DataMapperPlugin.java:132)
	at org.wso2.ballerinalang.compiler.semantics.analyzer.CompilerPluginRunner.executePluginSafely(CompilerPluginRunner.java:169)
	at org.wso2.ballerinalang.compiler.semantics.analyzer.CompilerPluginRunner.visit(CompilerPluginRunner.java:146)
	at org.wso2.ballerinalang.compiler.tree.BLangPackage.accept(BLangPackage.java:163)
	at org.wso2.ballerinalang.compiler.semantics.analyzer.CompilerPluginRunner.runPlugins(CompilerPluginRunner.java:134)
	at io.ballerina.projects.internal.CompilerPhaseRunner.annotationProcess(CompilerPhaseRunner.java:245)
	at io.ballerina.projects.internal.CompilerPhaseRunner.performTypeCheckPhases(CompilerPhaseRunner.java:150)
	at io.ballerina.projects.ModuleContext.compileInternal(ModuleContext.java:374)
	at io.ballerina.projects.ModuleCompilationState$1.compile(ModuleCompilationState.java:45)
	at io.ballerina.projects.ModuleCompilationState$1.generatePlatformSpecificCode(ModuleCompilationState.java:53)
	at io.ballerina.projects.ModuleContext.generatePlatformSpecificCode(ModuleContext.java:327)
	at io.ballerina.projects.JBallerinaBackend.performCodeGen(JBallerinaBackend.java:136)
	at io.ballerina.projects.JBallerinaBackend.<init>(JBallerinaBackend.java:122)
	at io.ballerina.projects.JBallerinaBackend.lambda$from$0(JBallerinaBackend.java:98)
	at java.base/java.util.HashMap.computeIfAbsent(HashMap.java:1133)
	at io.ballerina.projects.PackageCompilation.getCompilerBackend(PackageCompilation.java:129)
	at io.ballerina.projects.JBallerinaBackend.from(JBallerinaBackend.java:97)
	at io.ballerina.cli.task.CompileTask.execute(CompileTask.java:69)
	at io.ballerina.cli.TaskExecutor.executeTasks(TaskExecutor.java:40)
	at io.ballerina.cli.cmd.RunCommand.execute(RunCommand.java:155)
	at java.base/java.util.Optional.ifPresent(Optional.java:183)
	at io.ballerina.cli.launcher.Main.main(Main.java:58)
Caused by: java.nio.file.FileSystemException: /home/nuwan/code/samples/listener_sample.bal/modules/googleapis_drive/resources/Client_functions.json: Not a directory
	at java.base/sun.nio.fs.UnixException.translateToIOException(UnixException.java:100)
	at java.base/sun.nio.fs.UnixException.rethrowAsIOException(UnixException.java:111)
	at java.base/sun.nio.fs.UnixException.rethrowAsIOException(UnixException.java:116)
	at java.base/sun.nio.fs.UnixFileSystemProvider.newByteChannel(UnixFileSystemProvider.java:219)
	at java.base/java.nio.file.spi.FileSystemProvider.newOutputStream(FileSystemProvider.java:478)
	at java.base/java.nio.file.Files.newOutputStream(Files.java:219)
	at java.base/java.nio.file.Files.write(Files.java:3424)
	at org.ballerinax.datamapper.util.Utils.writeToFile(Utils.java:44)
	at org.ballerinax.datamapper.DataMapperPlugin.extractFunctionCalls(DataMapperPlugin.java:590)
	at org.ballerinax.datamapper.DataMapperPlugin.process(DataMapperPlugin.java:130)
	... 21 more
 
