[2021-03-13 00:26:34,816] SEVERE {b7a.log.crash} - java.nio.file.NoSuchFileException: /home/nuwan/code/samples/listenerSamples/modules/trigger/resources 
org.ballerinax.datamapper.exceptions.DataMapperException: java.nio.file.NoSuchFileException: /home/nuwan/code/samples/listenerSamples/modules/trigger/resources
	at org.ballerinax.datamapper.DataMapperPlugin.processSampleDataFiles(DataMapperPlugin.java:297)
	at org.ballerinax.datamapper.DataMapperPlugin.pluginExecutionCompleted(DataMapperPlugin.java:243)
	at org.wso2.ballerinalang.compiler.semantics.analyzer.CompilerPluginRunner.executePluginSafely(CompilerPluginRunner.java:169)
	at org.wso2.ballerinalang.compiler.semantics.analyzer.CompilerPluginRunner.visit(CompilerPluginRunner.java:159)
	at org.wso2.ballerinalang.compiler.tree.BLangPackage.accept(BLangPackage.java:163)
	at org.wso2.ballerinalang.compiler.semantics.analyzer.CompilerPluginRunner.runPlugins(CompilerPluginRunner.java:134)
	at io.ballerina.projects.internal.CompilerPhaseRunner.annotationProcess(CompilerPhaseRunner.java:245)
	at io.ballerina.projects.internal.CompilerPhaseRunner.performTypeCheckPhases(CompilerPhaseRunner.java:150)
	at io.ballerina.projects.ModuleContext.compileInternal(ModuleContext.java:374)
	at io.ballerina.projects.ModuleCompilationState$1.compile(ModuleCompilationState.java:45)
	at io.ballerina.projects.ModuleContext.compile(ModuleContext.java:323)
	at io.ballerina.projects.PackageCompilation.compileIfRequired(PackageCompilation.java:148)
	at io.ballerina.projects.PackageCompilation.diagnosticResult(PackageCompilation.java:102)
	at org.ballerinalang.observability.anaylze.DefaultObservabilitySymbolCollector.process(DefaultObservabilitySymbolCollector.java:87)
	at io.ballerina.projects.JBallerinaBackend.<init>(JBallerinaBackend.java:118)
	at io.ballerina.projects.JBallerinaBackend.lambda$from$0(JBallerinaBackend.java:98)
	at java.base/java.util.HashMap.computeIfAbsent(HashMap.java:1133)
	at io.ballerina.projects.PackageCompilation.getCompilerBackend(PackageCompilation.java:129)
	at io.ballerina.projects.JBallerinaBackend.from(JBallerinaBackend.java:97)
	at io.ballerina.cli.task.CompileTask.execute(CompileTask.java:69)
	at io.ballerina.cli.TaskExecutor.executeTasks(TaskExecutor.java:40)
	at io.ballerina.cli.cmd.BuildCommand.execute(BuildCommand.java:257)
	at java.base/java.util.Optional.ifPresent(Optional.java:183)
	at io.ballerina.cli.launcher.Main.main(Main.java:58)
Caused by: java.nio.file.NoSuchFileException: /home/nuwan/code/samples/listenerSamples/modules/trigger/resources
	at java.base/sun.nio.fs.UnixException.translateToIOException(UnixException.java:92)
	at java.base/sun.nio.fs.UnixException.rethrowAsIOException(UnixException.java:111)
	at java.base/sun.nio.fs.UnixException.rethrowAsIOException(UnixException.java:116)
	at java.base/sun.nio.fs.UnixFileAttributeViews$Basic.readAttributes(UnixFileAttributeViews.java:55)
	at java.base/sun.nio.fs.UnixFileSystemProvider.readAttributes(UnixFileSystemProvider.java:149)
	at java.base/sun.nio.fs.LinuxFileSystemProvider.readAttributes(LinuxFileSystemProvider.java:99)
	at java.base/java.nio.file.Files.readAttributes(Files.java:1763)
	at java.base/java.nio.file.FileTreeWalker.getAttributes(FileTreeWalker.java:219)
	at java.base/java.nio.file.FileTreeWalker.visit(FileTreeWalker.java:276)
	at java.base/java.nio.file.FileTreeWalker.walk(FileTreeWalker.java:322)
	at java.base/java.nio.file.FileTreeIterator.<init>(FileTreeIterator.java:71)
	at java.base/java.nio.file.Files.walk(Files.java:3824)
	at java.base/java.nio.file.Files.walk(Files.java:3878)
	at org.ballerinax.datamapper.DataMapperPlugin.processSampleDataFiles(DataMapperPlugin.java:252)
	... 23 more
 
[2021-03-13 00:40:15,711] SEVERE {b7a.log.crash} - java.nio.file.NoSuchFileException: /home/nuwan/code/samples/listenerSamples/modules/listener/resources 
org.ballerinax.datamapper.exceptions.DataMapperException: java.nio.file.NoSuchFileException: /home/nuwan/code/samples/listenerSamples/modules/listener/resources
	at org.ballerinax.datamapper.DataMapperPlugin.processSampleDataFiles(DataMapperPlugin.java:297)
	at org.ballerinax.datamapper.DataMapperPlugin.pluginExecutionCompleted(DataMapperPlugin.java:243)
	at org.wso2.ballerinalang.compiler.semantics.analyzer.CompilerPluginRunner.executePluginSafely(CompilerPluginRunner.java:169)
	at org.wso2.ballerinalang.compiler.semantics.analyzer.CompilerPluginRunner.visit(CompilerPluginRunner.java:159)
	at org.wso2.ballerinalang.compiler.tree.BLangPackage.accept(BLangPackage.java:163)
	at org.wso2.ballerinalang.compiler.semantics.analyzer.CompilerPluginRunner.runPlugins(CompilerPluginRunner.java:134)
	at io.ballerina.projects.internal.CompilerPhaseRunner.annotationProcess(CompilerPhaseRunner.java:245)
	at io.ballerina.projects.internal.CompilerPhaseRunner.performTypeCheckPhases(CompilerPhaseRunner.java:150)
	at io.ballerina.projects.ModuleContext.compileInternal(ModuleContext.java:374)
	at io.ballerina.projects.ModuleCompilationState$1.compile(ModuleCompilationState.java:45)
	at io.ballerina.projects.ModuleContext.compile(ModuleContext.java:323)
	at io.ballerina.projects.PackageCompilation.compileIfRequired(PackageCompilation.java:148)
	at io.ballerina.projects.PackageCompilation.diagnosticResult(PackageCompilation.java:102)
	at org.ballerinalang.observability.anaylze.DefaultObservabilitySymbolCollector.process(DefaultObservabilitySymbolCollector.java:87)
	at io.ballerina.projects.JBallerinaBackend.<init>(JBallerinaBackend.java:118)
	at io.ballerina.projects.JBallerinaBackend.lambda$from$0(JBallerinaBackend.java:98)
	at java.base/java.util.HashMap.computeIfAbsent(HashMap.java:1133)
	at io.ballerina.projects.PackageCompilation.getCompilerBackend(PackageCompilation.java:129)
	at io.ballerina.projects.JBallerinaBackend.from(JBallerinaBackend.java:97)
	at io.ballerina.cli.task.CompileTask.execute(CompileTask.java:69)
	at io.ballerina.cli.TaskExecutor.executeTasks(TaskExecutor.java:40)
	at io.ballerina.cli.cmd.BuildCommand.execute(BuildCommand.java:257)
	at java.base/java.util.Optional.ifPresent(Optional.java:183)
	at io.ballerina.cli.launcher.Main.main(Main.java:58)
Caused by: java.nio.file.NoSuchFileException: /home/nuwan/code/samples/listenerSamples/modules/listener/resources
	at java.base/sun.nio.fs.UnixException.translateToIOException(UnixException.java:92)
	at java.base/sun.nio.fs.UnixException.rethrowAsIOException(UnixException.java:111)
	at java.base/sun.nio.fs.UnixException.rethrowAsIOException(UnixException.java:116)
	at java.base/sun.nio.fs.UnixFileAttributeViews$Basic.readAttributes(UnixFileAttributeViews.java:55)
	at java.base/sun.nio.fs.UnixFileSystemProvider.readAttributes(UnixFileSystemProvider.java:149)
	at java.base/sun.nio.fs.LinuxFileSystemProvider.readAttributes(LinuxFileSystemProvider.java:99)
	at java.base/java.nio.file.Files.readAttributes(Files.java:1763)
	at java.base/java.nio.file.FileTreeWalker.getAttributes(FileTreeWalker.java:219)
	at java.base/java.nio.file.FileTreeWalker.visit(FileTreeWalker.java:276)
	at java.base/java.nio.file.FileTreeWalker.walk(FileTreeWalker.java:322)
	at java.base/java.nio.file.FileTreeIterator.<init>(FileTreeIterator.java:71)
	at java.base/java.nio.file.Files.walk(Files.java:3824)
	at java.base/java.nio.file.Files.walk(Files.java:3878)
	at org.ballerinax.datamapper.DataMapperPlugin.processSampleDataFiles(DataMapperPlugin.java:252)
	... 23 more
 
